build/app/outputs/mapping/debug/mapping.txt
# compiler: R8
# compiler_version: 1.5.64
# min_api: 21
# pg_map_id: 236bb85
com.example.linkster.MainActivity -> com.example.linkster.MainActivity:
    11:11:void <init>() -> <init>
    14:22:void configureFlutterEngine(io.flutter.embedding.engine.FlutterEngine) -> b
...
com.google.android.gms.internal.firebase_ml.zzya -> c.a.a.a.g.f.yf:
    int[] zzbpx -> a
    1:1:void <clinit>() -> <clinit>
com.google.android.gms.internal.firebase_ml.zzyb -> c.a.a.a.g.f.zf:
    1:1:void <init>() -> <init>
    2:4:int zzb(int,byte[],int,int) -> a
    92:97:int zzb(java.lang.CharSequence,byte[],int,int) -> a
    130:131:int zza(byte[],int,long,int) -> a
com.google.android.gms.internal.firebase_ml.zzyc -> c.a.a.a.g.f.ag:
    1:1:void <init>(java.lang.String,int,com.google.android.gms.internal.firebase_ml.zzyg,int) -> <init>
com.google.android.gms.internal.firebase_ml.zzyd -> c.a.a.a.g.f.bg:
    com.google.android.gms.internal.firebase_ml.zzyd zzbyi -> n
    com.google.android.gms.internal.firebase_ml.zzyd zzbyj -> o
    com.google.android.gms.internal.firebase_ml.zzyd zzbyg -> l
    com.google.android.gms.internal.firebase_ml.zzyd zzbyh -> m
    com.google.android.gms.internal.firebase_ml.zzyd zzbym -> r
    com.google.android.gms.internal.firebase_ml.zzyd[] zzbyr -> u
    com.google.android.gms.internal.firebase_ml.zzyd zzbyn -> s
    com.google.android.gms.internal.firebase_ml.zzyd zzbyk -> p
    com.google.android.gms.internal.firebase_ml.zzyd zzbyl -> q
    com.google.android.gms.internal.firebase_ml.zzyd zzbyo -> t
    int zzbyq -> b
    com.google.android.gms.internal.firebase_ml.zzyg zzbyp -> a
    com.google.android.gms.internal.firebase_ml.zzyd zzbxx -> c
    com.google.android.gms.internal.firebase_ml.zzyd zzbya -> f
    com.google.android.gms.internal.firebase_ml.zzyd zzbyb -> g
    com.google.android.gms.internal.firebase_ml.zzyd zzbxy -> d
    com.google.android.gms.internal.firebase_ml.zzyd zzbxz -> e
    com.google.android.gms.internal.firebase_ml.zzyd zzbye -> j
    com.google.android.gms.internal.firebase_ml.zzyd zzbyf -> k
    com.google.android.gms.internal.firebase_ml.zzyd zzbyc -> h
    com.google.android.gms.internal.firebase_ml.zzyd zzbyd -> i
    9:27:void <clinit>() -> <clinit>
com.google.android.gms.internal.firebase_ml.zzye -> c.a.a.a.g.f.cg:
    1:1:void <init>(java.lang.String,int,com.google.android.gms.internal.firebase_ml.zzyg,int) -> <init>
com.google.android.gms.internal.firebase_ml.zzyf -> c.a.a.a.g.f.dg:
    1:1:void <init>(java.lang.String,int,com.google.android.gms.internal.firebase_ml.zzyg,int) -> <init>
com.google.android.gms.internal.firebase_ml.zzyg -> c.a.a.a.g.f.eg:
    com.google.android.gms.internal.firebase_ml.zzyg zzbys -> a
    com.google.android.gms.internal.firebase_ml.zzyg zzbyt -> b
    com.google.android.gms.internal.firebase_ml.zzyg zzbyw -> e
    com.google.android.gms.internal.firebase_ml.zzyg zzbyx -> f
    com.google.android.gms.internal.firebase_ml.zzyg zzbyu -> c
    com.google.android.gms.internal.firebase_ml.zzyg zzbyv -> d
    com.google.android.gms.internal.firebase_ml.zzyg zzbza -> i
    com.google.android.gms.internal.firebase_ml.zzyg zzbyy -> g
    com.google.android.gms.internal.firebase_ml.zzyg[] zzbzb -> j
    com.google.android.gms.internal.firebase_ml.zzyg zzbyz -> h
    5:14:void <clinit>() -> <clinit>
    2:4:void <init>(java.lang.String,int,java.lang.Object) -> <init>
    1:1:com.google.android.gms.internal.firebase_ml.zzyg[] values() -> values
com.google.android.gms.internal.firebase_ml.zzyh -> c.a.a.a.g.f.fg:
    1:1:void <init>(java.lang.String,int,com.google.android.gms.internal.firebase_ml.zzyg,int) -> <init>